<?xml version="1.0" encoding="UTF-8"?>
<!-- Generated by org.testng.reporters.JUnitReportReporter -->
<testsuite hostname="mousumi" name="com.symbio.test.JDTestTravel.TestCase_Intl" tests="1" failures="0" timestamp="25 Nov 2015 01:49:54 GMT" time="0.015" errors="0">
  <testcase name="test" time="0.015" classname="com.symbio.test.JDTestTravel.TestCase_Intl"/>
</testsuite> <!-- com.symbio.test.JDTestTravel.TestCase_Intl -->
