<?xml version="1.0" encoding="UTF-8"?>
<!-- Generated by org.testng.reporters.JUnitReportReporter -->
<testsuite hostname="mousumi" name="com.symbio.test.JDTestTravel.LoginTest" tests="1" failures="0" timestamp="25 Nov 2015 03:15:41 GMT" time="8.051" errors="0">
  <testcase name="test" time="8.051" classname="com.symbio.test.JDTestTravel.LoginTest"/>
</testsuite> <!-- com.symbio.test.JDTestTravel.LoginTest -->
